<?xml version="1.0" encoding="UTF-8"?>
<!-- Generated by org.testng.reporters.JUnitReportReporter -->
<testsuite hostname="DESKTOP-FH68O66" failures="0" tests="1" name="testng.AllAnnotations" time="0.018" errors="0" timestamp="2021-11-30T21:37:24 IST" skipped="0">
  <testcase classname="testng.AllAnnotations" name="f" time="0.018"/>
  <system-out/>
</testsuite> <!-- testng.AllAnnotations -->
