<?xml version="1.0" encoding="UTF-8"?>
<!-- Generated by org.testng.reporters.JUnitReportReporter -->
<testsuite hostname="DESKTOP-FH68O66" failures="0" tests="4" name="testng.Order" time="0.021" errors="0" timestamp="2021-11-24T22:23:19 IST" skipped="0">
  <testcase classname="testng.Order" name="firefoxBrowserA" time="0.003"/>
  <system-out/>
  <testcase classname="testng.Order" name="chromeBrowser" time="0.013"/>
  <system-out/>
  <testcase classname="testng.Order" name="chromeBrowserB" time="0.002"/>
  <system-out/>
  <testcase classname="testng.Order" name="firefoxBrowserC" time="0.003"/>
  <system-out/>
</testsuite> <!-- testng.Order -->
