<?xml version="1.0" encoding="UTF-8"?>
<!-- Generated by org.testng.reporters.JUnitReportReporter -->
<testsuite hostname="DESKTOP-FH68O66" failures="0" tests="5" name="testng.ParametersDemo" time="0.031" errors="0" timestamp="2021-12-01T07:44:38 IST" skipped="0">
  <testcase classname="testng.ParametersDemo" name="add" time="0.005"/>
  <system-out/>
  <testcase classname="testng.ParametersDemo" name="add" time="0.003"/>
  <system-out/>
  <testcase classname="testng.ParametersDemo" name="add" time="0.013"/>
  <system-out/>
  <testcase classname="testng.ParametersDemo" name="add" time="0.006"/>
  <system-out/>
  <testcase classname="testng.ParametersDemo" name="add" time="0.004"/>
  <system-out/>
</testsuite> <!-- testng.ParametersDemo -->
