<?xml version="1.0" encoding="UTF-8"?>
<!-- Generated by org.testng.reporters.JUnitReportReporter -->
<testsuite hostname="DESKTOP-FH68O66" failures="0" tests="4" name="testng.AllAnnotations3" time="0.011" errors="0" timestamp="2021-11-30T21:37:24 IST" skipped="0">
  <testcase classname="testng.AllAnnotations3" name="f1" time="0.004"/>
  <system-out/>
  <testcase classname="testng.AllAnnotations3" name="f2" time="0.003"/>
  <system-out/>
  <testcase classname="testng.AllAnnotations3" name="f" time="0.002"/>
  <system-out/>
  <testcase classname="testng.AllAnnotations3" name="f3" time="0.002"/>
  <system-out/>
</testsuite> <!-- testng.AllAnnotations3 -->
