<?xml version="1.0" encoding="UTF-8"?>
<!-- Generated by org.testng.reporters.JUnitReportReporter -->
<testsuite hostname="DESKTOP-FH68O66" failures="0" tests="4" name="testng.TestNG_DEMO" time="0.019" errors="0" timestamp="2021-11-24T22:04:59 IST" skipped="0">
  <testcase classname="testng.TestNG_DEMO" name="m1" time="0.011"/>
  <system-out/>
  <testcase classname="testng.TestNG_DEMO" name="m4" time="0.002"/>
  <system-out/>
  <testcase classname="testng.TestNG_DEMO" name="m3" time="0.005"/>
  <system-out/>
  <testcase classname="testng.TestNG_DEMO" name="m2" time="0.001"/>
  <system-out/>
</testsuite> <!-- testng.TestNG_DEMO -->
