<?xml version="1.0" encoding="UTF-8"?>
<!-- Generated by org.testng.reporters.JUnitReportReporter -->
<testsuite hostname="DESKTOP-FH68O66" failures="0" tests="8" name="testng.DataproviderDemo" time="0.032" errors="0" timestamp="2021-12-01T08:26:23 IST" skipped="0">
  <testcase classname="testng.DataproviderDemo" name="f1" time="0.003"/>
  <system-out/>
  <testcase classname="testng.DataproviderDemo" name="f" time="0.001"/>
  <system-out/>
  <testcase classname="testng.DataproviderDemo" name="f" time="0.003"/>
  <system-out/>
  <testcase classname="testng.DataproviderDemo" name="f1" time="0.002"/>
  <system-out/>
  <testcase classname="testng.DataproviderDemo" name="f1" time="0.009"/>
  <system-out/>
  <testcase classname="testng.DataproviderDemo" name="f1" time="0.002"/>
  <system-out/>
  <testcase classname="testng.DataproviderDemo" name="f1" time="0.003"/>
  <system-out/>
  <testcase classname="testng.DataproviderDemo" name="f" time="0.009"/>
  <system-out/>
</testsuite> <!-- testng.DataproviderDemo -->
