<?xml version="1.0" encoding="UTF-8"?>
<!-- Generated by org.testng.reporters.JUnitReportReporter -->
<testsuite hostname="DESKTOP-FH68O66" failures="0" tests="4" name="testng.Regression" time="0.016" errors="0" timestamp="2021-12-02T07:31:09 IST" skipped="0">
  <testcase classname="testng.Regression" name="m4" time="0.002"/>
  <system-out/>
  <testcase classname="testng.Regression" name="m9" time="0.002"/>
  <system-out/>
  <testcase classname="testng.Regression" name="m1" time="0.010"/>
  <system-out/>
  <testcase classname="testng.Regression" name="m7" time="0.002"/>
  <system-out/>
</testsuite> <!-- testng.Regression -->
