<?xml version="1.0" encoding="UTF-8"?>
<!-- Generated by org.testng.reporters.JUnitReportReporter -->
<testsuite hostname="DESKTOP-FH68O66" failures="0" tests="4" name="testng.Order2" time="0.041" errors="0" timestamp="2021-11-24T22:29:45 IST" skipped="0">
  <testcase classname="testng.Order2" name="chromeBrowser" time="0.016"/>
  <system-out/>
  <testcase classname="testng.Order2" name="firefoxBrowserC" time="0.004"/>
  <system-out/>
  <testcase classname="testng.Order2" name="chromeBrowserB" time="0.010"/>
  <system-out/>
  <testcase classname="testng.Order2" name="firefoxBrowserA" time="0.011"/>
  <system-out/>
</testsuite> <!-- testng.Order2 -->
