<?xml version="1.0" encoding="UTF-8"?>
<!-- Generated by org.testng.reporters.JUnitReportReporter -->
<testsuite hostname="DESKTOP-FH68O66" failures="0" tests="2" name="testng.AllAnnotations2" time="0.016" errors="0" timestamp="2021-11-30T21:51:49 IST" skipped="0">
  <testcase classname="testng.AllAnnotations2" name="f1" time="0.012"/>
  <system-out/>
  <testcase classname="testng.AllAnnotations2" name="f2" time="0.004"/>
  <system-out/>
</testsuite> <!-- testng.AllAnnotations2 -->
